{"C:\\Users\\Tirthpatel\\OneDrive\\Desktop\\test_projects\\src\\functions\\userModel.js": {"path":"C:\\Users\\Tirthpatel\\OneDrive\\Desktop\\test_projects\\src\\functions\\userModel.js","statementMap":{"0":{"start":{"line":1,"column":17},"end":{"line":1,"column":31}},"1":{"start":{"line":2,"column":17},"end":{"line":2,"column":36}},"2":{"start":{"line":5,"column":19},"end":{"line":11,"column":2}},"3":{"start":{"line":13,"column":13},"end":{"line":13,"column":51}},"4":{"start":{"line":16,"column":19},"end":{"line":24,"column":1}},"5":{"start":{"line":17,"column":4},"end":{"line":23,"column":5}},"6":{"start":{"line":18,"column":21},"end":{"line":18,"column":64}},"7":{"start":{"line":19,"column":8},"end":{"line":19,"column":20}},"8":{"start":{"line":20,"column":8},"end":{"line":20,"column":20}},"9":{"start":{"line":22,"column":8},"end":{"line":22,"column":69}},"10":{"start":{"line":26,"column":0},"end":{"line":26,"column":36}}},"fnMap":{"0":{"name":"(anonymous_0)","decl":{"start":{"line":16,"column":19},"end":{"line":16,"column":20}},"loc":{"start":{"line":16,"column":62},"end":{"line":24,"column":1}},"line":16}},"branchMap":{},"s":{"0":1,"1":1,"2":1,"3":1,"4":1,"5":1,"6":1,"7":1,"8":1,"9":0,"10":1},"f":{"0":1},"b":{},"_coverageSchema":"1a1c01bbd47fc00a2c39e90264f33305004495a9","hash":"53aefc29737a43bd2eccf5c11be990397c1bbd61"}
}
